<?xml version="1.0" encoding="UTF-8"?>
<!-- Generated by org.testng.reporters.JUnitReportReporter -->
<testsuite hostname="SONIC" failures="0" tests="2" name="StepDefinition.LoginTestDD" time="43.365" errors="0" timestamp="2025-04-13T15:16:52 IST" skipped="0">
  <testcase classname="StepDefinition.LoginTestDD" name="login" time="15.942"/>
  <testcase classname="StepDefinition.LoginTestDD" name="login" time="27.423"/>
</testsuite> <!-- StepDefinition.LoginTestDD -->
