<?xml version="1.0" encoding="UTF-8"?>
<!-- Generated by org.testng.reporters.JUnitReportReporter -->
<testsuite hostname="SONIC" failures="0" tests="1" name="Runner.runner" time="7.972" errors="0" timestamp="2025-04-17T19:58:15 IST" skipped="0">
  <testcase classname="Runner.runner" name="runScenario" time="7.972"/>
</testsuite> <!-- Runner.runner -->
