<?xml version="1.0" encoding="UTF-8"?>
<!-- Generated by org.testng.reporters.JUnitReportReporter -->
<testsuite hostname="SONIC" failures="0" tests="2" name="StepDefinition.LoginTestDD" time="42.430" errors="0" timestamp="2025-04-13T19:58:09 IST" skipped="0">
  <testcase classname="StepDefinition.LoginTestDD" name="login" time="16.482"/>
  <testcase classname="StepDefinition.LoginTestDD" name="login" time="25.948"/>
</testsuite> <!-- StepDefinition.LoginTestDD -->
