<?xml version="1.0" encoding="UTF-8"?>
<!-- Generated by org.testng.reporters.JUnitReportReporter -->
<testsuite hostname="SONIC" failures="0" tests="1" name="StepDefinition.LoginTest" time="15.555" errors="0" timestamp="2025-04-13T15:02:54 IST" skipped="0">
  <testcase classname="StepDefinition.LoginTest" name="login" time="15.555"/>
</testsuite> <!-- StepDefinition.LoginTest -->
