<?xml version="1.0" encoding="UTF-8"?>
<!-- Generated by org.testng.reporters.JUnitReportReporter -->
<testsuite hostname="SONIC" failures="0" tests="2" name="StepDefinition.LoginTestDD" time="38.966" errors="0" timestamp="2025-04-13T12:09:06 IST" skipped="0">
  <testcase classname="StepDefinition.LoginTestDD" name="login" time="24.467"/>
  <testcase classname="StepDefinition.LoginTestDD" name="login" time="14.499"/>
</testsuite> <!-- StepDefinition.LoginTestDD -->
