<?xml version="1.0" encoding="UTF-8"?>
<!-- Generated by org.testng.reporters.JUnitReportReporter -->
<testsuite hostname="SONIC" failures="0" tests="1" name="StepDefinition.LoginTest" time="18.661" errors="0" timestamp="2025-04-13T15:16:52 IST" skipped="0">
  <testcase classname="StepDefinition.LoginTest" name="login" time="18.661"/>
</testsuite> <!-- StepDefinition.LoginTest -->
