<?xml version="1.0" encoding="UTF-8"?>
<!-- Generated by org.testng.reporters.JUnitReportReporter -->
<testsuite hostname="SONIC" failures="0" tests="1" name="StepDefinition.LoginTest" time="18.333" errors="0" timestamp="2025-04-13T12:09:06 IST" skipped="0">
  <testcase classname="StepDefinition.LoginTest" name="login" time="18.333"/>
</testsuite> <!-- StepDefinition.LoginTest -->
