<?xml version="1.0" encoding="UTF-8"?>
<!-- Generated by org.testng.reporters.JUnitReportReporter -->
<testsuite hostname="SONIC" failures="0" tests="2" name="StepDefinition.LoginTestDD" time="37.927" errors="0" timestamp="2025-04-13T12:23:32 IST" skipped="0">
  <testcase classname="StepDefinition.LoginTestDD" name="login" time="14.165"/>
  <testcase classname="StepDefinition.LoginTestDD" name="login" time="23.762"/>
</testsuite> <!-- StepDefinition.LoginTestDD -->
